C:\USERS\MANPREET SINGH\DOCUMENTS\VISUAL STUDIO 2010\PROJECTS\VITERBI\DEBUG\VITERBI.EXE
C:\USERS\MANPREET SINGH\DOCUMENTS\VISUAL STUDIO 2010\PROJECTS\VITERBI\DEBUG\VITERBI.ILK
C:\USERS\MANPREET SINGH\DOCUMENTS\VISUAL STUDIO 2010\PROJECTS\VITERBI\DEBUG\VITERBI.PDB
C:\Users\Manpreet Singh\documents\visual studio 2010\Projects\Viterbi\Viterbi\Debug\cl.command.1.tlog
C:\Users\Manpreet Singh\documents\visual studio 2010\Projects\Viterbi\Viterbi\Debug\CL.read.1.tlog
C:\Users\Manpreet Singh\documents\visual studio 2010\Projects\Viterbi\Viterbi\Debug\CL.write.1.tlog
C:\Users\Manpreet Singh\documents\visual studio 2010\Projects\Viterbi\Viterbi\Debug\link.6848.read.1.tlog
C:\Users\Manpreet Singh\documents\visual studio 2010\Projects\Viterbi\Viterbi\Debug\link.6848.write.1.tlog
C:\Users\Manpreet Singh\documents\visual studio 2010\Projects\Viterbi\Viterbi\Debug\link.6848-cvtres.read.1.tlog
C:\Users\Manpreet Singh\documents\visual studio 2010\Projects\Viterbi\Viterbi\Debug\link.6848-cvtres.write.1.tlog
C:\Users\Manpreet Singh\documents\visual studio 2010\Projects\Viterbi\Viterbi\Debug\link.command.1.tlog
C:\Users\Manpreet Singh\documents\visual studio 2010\Projects\Viterbi\Viterbi\Debug\link.read.1.tlog
C:\Users\Manpreet Singh\documents\visual studio 2010\Projects\Viterbi\Viterbi\Debug\link.write.1.tlog
C:\Users\Manpreet Singh\documents\visual studio 2010\Projects\Viterbi\Viterbi\Debug\link-cvtres.read.1.tlog
C:\Users\Manpreet Singh\documents\visual studio 2010\Projects\Viterbi\Viterbi\Debug\link-cvtres.write.1.tlog
C:\Users\Manpreet Singh\documents\visual studio 2010\Projects\Viterbi\Viterbi\Debug\mt.command.1.tlog
C:\Users\Manpreet Singh\documents\visual studio 2010\Projects\Viterbi\Viterbi\Debug\mt.read.1.tlog
C:\Users\Manpreet Singh\documents\visual studio 2010\Projects\Viterbi\Viterbi\Debug\mt.write.1.tlog
C:\Users\Manpreet Singh\documents\visual studio 2010\Projects\Viterbi\Viterbi\Debug\rc.command.1.tlog
C:\Users\Manpreet Singh\documents\visual studio 2010\Projects\Viterbi\Viterbi\Debug\rc.read.1.tlog
C:\Users\Manpreet Singh\documents\visual studio 2010\Projects\Viterbi\Viterbi\Debug\rc.write.1.tlog
C:\USERS\MANPREET SINGH\DOCUMENTS\VISUAL STUDIO 2010\PROJECTS\VITERBI\VITERBI\DEBUG\STDAFX.OBJ
C:\Users\Manpreet Singh\documents\visual studio 2010\Projects\Viterbi\Viterbi\Debug\vc100.idb
C:\USERS\MANPREET SINGH\DOCUMENTS\VISUAL STUDIO 2010\PROJECTS\VITERBI\VITERBI\DEBUG\VC100.PDB
C:\USERS\MANPREET SINGH\DOCUMENTS\VISUAL STUDIO 2010\PROJECTS\VITERBI\VITERBI\DEBUG\VITERBI.EXE.EMBED.MANIFEST
C:\USERS\MANPREET SINGH\DOCUMENTS\VISUAL STUDIO 2010\PROJECTS\VITERBI\VITERBI\DEBUG\VITERBI.EXE.EMBED.MANIFEST.RES
C:\USERS\MANPREET SINGH\DOCUMENTS\VISUAL STUDIO 2010\PROJECTS\VITERBI\VITERBI\DEBUG\VITERBI.EXE.INTERMEDIATE.MANIFEST
C:\USERS\MANPREET SINGH\DOCUMENTS\VISUAL STUDIO 2010\PROJECTS\VITERBI\VITERBI\DEBUG\VITERBI.OBJ
C:\USERS\MANPREET SINGH\DOCUMENTS\VISUAL STUDIO 2010\PROJECTS\VITERBI\VITERBI\DEBUG\VITERBI.PCH
C:\Users\Manpreet Singh\documents\visual studio 2010\Projects\Viterbi\Viterbi\Debug\Viterbi.vcxprojResolveAssemblyReference.cache
C:\Users\Manpreet Singh\documents\visual studio 2010\Projects\Viterbi\Viterbi\Debug\Viterbi.write.1.tlog
C:\Users\Manpreet Singh\documents\visual studio 2010\Projects\Viterbi\Viterbi\Debug\Viterbi_manifest.rc
