Build started 30-08-2024 08:17:16.
     1>Project "C:\Users\Manpreet Singh\Documents\Visual Studio 2010\Projects\234101029_digitrecognition\Viterbi\Viterbi\Viterbi.vcxproj" on node 2 (build target(s)).
     1>InitializeBuildStatus:
         Creating "Debug\Viterbi.unsuccessfulbuild" because "AlwaysCreate" was specified.
       ClCompile:
         All outputs are up-to-date.
         C:\Program Files (x86)\Microsoft Visual Studio 10.0\VC\bin\CL.exe /c /ZI /nologo /W3 /WX- /Od /Oy- /D WIN32 /D _DEBUG /D _CONSOLE /D _UNICODE /D UNICODE /Gm /EHsc /RTC1 /MDd /GS /fp:precise /Zc:wchar_t /Zc:forScope /Yu"StdAfx.h" /Fp"Debug\Viterbi.pch" /Fo"Debug\\" /Fd"Debug\vc100.pdb" /Gd /TP /analyze- /errorReport:prompt Viterbi.cpp
         Viterbi.cpp
     1>c:\users\manpreet singh\documents\visual studio 2010\projects\234101029_digitrecognition\viterbi\viterbi\viterbi.cpp(2): warning C4067: unexpected tokens following preprocessor directive - expected a newline
     1>c:\users\manpreet singh\documents\visual studio 2010\projects\234101029_digitrecognition\viterbi\viterbi\viterbi.cpp(153): warning C4244: 'initializing' : conversion from 'long double' to 'int', possible loss of data
     1>c:\users\manpreet singh\documents\visual studio 2010\projects\234101029_digitrecognition\viterbi\viterbi\viterbi.cpp(164): warning C4244: 'initializing' : conversion from 'long double' to 'int', possible loss of data
     1>c:\users\manpreet singh\documents\visual studio 2010\projects\234101029_digitrecognition\viterbi\viterbi\viterbi.cpp(298): warning C4244: '=' : conversion from 'long double' to 'long', possible loss of data
     1>c:\users\manpreet singh\documents\visual studio 2010\projects\234101029_digitrecognition\viterbi\viterbi\viterbi.cpp(547): warning C4018: '<=' : signed/unsigned mismatch
     1>c:\users\manpreet singh\documents\visual studio 2010\projects\234101029_digitrecognition\viterbi\viterbi\viterbi.cpp(731): warning C4244: 'argument' : conversion from '__int64' to 'int', possible loss of data
     1>c:\users\manpreet singh\documents\visual studio 2010\projects\234101029_digitrecognition\viterbi\viterbi\viterbi.cpp(804): warning C4996: 'getch': The POSIX name for this item is deprecated. Instead, use the ISO C++ conformant name: _getch. See online help for details.
                 c:\program files (x86)\microsoft visual studio 10.0\vc\include\conio.h(128) : see declaration of 'getch'
       ManifestResourceCompile:
         All outputs are up-to-date.
       Link:
         C:\Program Files (x86)\Microsoft Visual Studio 10.0\VC\bin\link.exe /ERRORREPORT:PROMPT /OUT:"C:\Users\Manpreet Singh\Documents\Visual Studio 2010\Projects\234101029_digitrecognition\Viterbi\Debug\Viterbi.exe" /INCREMENTAL /NOLOGO kernel32.lib user32.lib gdi32.lib winspool.lib comdlg32.lib advapi32.lib shell32.lib ole32.lib oleaut32.lib uuid.lib odbc32.lib odbccp32.lib /MANIFEST /ManifestFile:"Debug\Viterbi.exe.intermediate.manifest" /MANIFESTUAC:"level='asInvoker' uiAccess='false'" /DEBUG /PDB:"C:\Users\Manpreet Singh\Documents\Visual Studio 2010\Projects\234101029_digitrecognition\Viterbi\Debug\Viterbi.pdb" /SUBSYSTEM:CONSOLE /TLBID:1 /DYNAMICBASE /NXCOMPAT /IMPLIB:"C:\Users\Manpreet Singh\Documents\Visual Studio 2010\Projects\234101029_digitrecognition\Viterbi\Debug\Viterbi.lib" /MACHINE:X86 Debug\Viterbi.exe.embed.manifest.res
         Debug\stdafx.obj
         Debug\Viterbi.obj
       Manifest:
         C:\Program Files (x86)\Microsoft SDKs\Windows\v7.0A\bin\mt.exe /nologo /verbose /out:"Debug\Viterbi.exe.embed.manifest" /manifest Debug\Viterbi.exe.intermediate.manifest
         All outputs are up-to-date.
       LinkEmbedManifest:
         All outputs are up-to-date.
         Viterbi.vcxproj -> C:\Users\Manpreet Singh\Documents\Visual Studio 2010\Projects\234101029_digitrecognition\Viterbi\Debug\Viterbi.exe
       FinalizeBuildStatus:
         Deleting file "Debug\Viterbi.unsuccessfulbuild".
         Touching "Debug\Viterbi.lastbuildstate".
     1>Done Building Project "C:\Users\Manpreet Singh\Documents\Visual Studio 2010\Projects\234101029_digitrecognition\Viterbi\Viterbi\Viterbi.vcxproj" (build target(s)).

Build succeeded.

Time Elapsed 00:00:02.83
